2024-04-14 14:16:08,008 [INFO] Activator:176 - 


2024-04-14 14:16:08,013 [INFO] Activator:177 - !SESSION log4j initialized
2024-04-14 14:16:12,138 [INFO] LogOutputStream:77 - [STDOUT_REDIRECT] 
2024-04-14 14:16:17,398 [INFO] ApplicationProperties:184 - Using Application install path: C:\ST\STM32CubeIDE_1.14.0\STM32CubeIDE\plugins\com.st.stm32cube.common.mx_6.10.0.202311202037
2024-04-14 14:16:17,426 [INFO] DbMcusXml:78 - Set database path to: C:\ST\STM32CubeIDE_1.14.0\STM32CubeIDE\plugins\com.st.stm32cube.common.mx_6.10.0.202311202037\\db\/mcu/
2024-04-14 14:16:17,427 [INFO] ApiDb:274 - Set plugin database path to: C:\ST\STM32CubeIDE_1.14.0\STM32CubeIDE\plugins\com.st.stm32cube.common.mx_6.10.0.202311202037\\db\/plugins/boardmanager/
2024-04-14 14:16:17,428 [WARN] ApiDb:259 - Overriding images path with different value:  => C:\ST\STM32CubeIDE_1.14.0\STM32CubeIDE\plugins\com.st.stm32cube.common.mx_6.10.0.202311202037\\db\/plugins/mcufinder/images/
2024-04-14 14:16:17,442 [INFO] ApiDb:250 - Set database path to: C:\Users\S4IOT\.stmcufinder\plugins\mcufinder//mcu/
2024-04-14 14:16:17,444 [INFO] DbMcusAds:125 - Set database path to: C:\Users\S4IOT\.stmcufinder\plugins\mcufinder//mcu/
2024-04-14 14:16:17,447 [INFO] CrossReferenceDbSqlite:203 - Set database path to: C:\Users\S4IOT\.stmcufinder\plugins\mcufinder//mcu/cs/
2024-04-14 14:16:17,696 [INFO] RulesReader:64 - Compatibility file has been processed (297 Rules)
2024-04-14 14:16:17,910 [INFO] DbMcusXml:78 - Set database path to: C:\ST\STM32CubeIDE_1.14.0\STM32CubeIDE\plugins\com.st.stm32cube.common.mx_6.10.0.202311202037\\db\/mcu/
2024-04-14 14:16:17,910 [INFO] ApiDb:274 - Set plugin database path to: C:\ST\STM32CubeIDE_1.14.0\STM32CubeIDE\plugins\com.st.stm32cube.common.mx_6.10.0.202311202037\\db\/plugins/boardmanager/
2024-04-14 14:16:17,910 [INFO] ApiDb:261 - Set plugin images path to: C:\ST\STM32CubeIDE_1.14.0\STM32CubeIDE\plugins\com.st.stm32cube.common.mx_6.10.0.202311202037\\db\/plugins/mcufinder/images/
2024-04-14 14:16:17,911 [WARN] DbFile:41 - Overriding database path with different value: C:\Users\S4IOT\.stmcufinder\plugins\mcufinder/ => C:\Users\S4IOT\.stmcufinder\plugins\mcufinder
2024-04-14 14:16:17,911 [INFO] ApiDb:250 - Set database path to: C:\Users\S4IOT\.stmcufinder\plugins\mcufinder//mcu/
2024-04-14 14:16:17,911 [WARN] DbFile:41 - Overriding database path with different value: C:\Users\S4IOT\.stmcufinder\plugins\mcufinder/ => C:\Users\S4IOT\.stmcufinder\plugins\mcufinder
2024-04-14 14:16:17,911 [INFO] DbMcusAds:125 - Set database path to: C:\Users\S4IOT\.stmcufinder\plugins\mcufinder//mcu/
2024-04-14 14:16:17,911 [WARN] DbFile:41 - Overriding database path with different value: C:\Users\S4IOT\.stmcufinder\plugins\mcufinder/ => C:\Users\S4IOT\.stmcufinder\plugins\mcufinder
2024-04-14 14:16:17,911 [WARN] DbFile:41 - Overriding database path with different value: C:\Users\S4IOT\.stmcufinder\plugins\mcufinder/ => C:\Users\S4IOT\.stmcufinder\plugins\mcufinder
2024-04-14 14:16:17,912 [INFO] CrossReferenceDbSqlite:203 - Set database path to: C:\Users\S4IOT\.stmcufinder\plugins\mcufinder//mcu/cs/
2024-04-14 14:16:18,040 [INFO] MainPanel:264 - HeapMemory: 268435456
2024-04-14 14:16:18,157 [INFO] DbMcusXml:78 - Set database path to: C:\ST\STM32CubeIDE_1.14.0\STM32CubeIDE\plugins\com.st.stm32cube.common.mx_6.10.0.202311202037\\db\/mcu/
2024-04-14 14:16:18,157 [INFO] ApiDb:274 - Set plugin database path to: C:\ST\STM32CubeIDE_1.14.0\STM32CubeIDE\plugins\com.st.stm32cube.common.mx_6.10.0.202311202037\\db\/plugins/boardmanager/
2024-04-14 14:16:18,157 [INFO] ApiDb:261 - Set plugin images path to: C:\ST\STM32CubeIDE_1.14.0\STM32CubeIDE\plugins\com.st.stm32cube.common.mx_6.10.0.202311202037\\db\/plugins/mcufinder/images/
2024-04-14 14:16:18,158 [WARN] DbFile:41 - Overriding database path with different value: C:\Users\S4IOT\.stmcufinder\plugins\mcufinder/ => C:\Users\S4IOT\.stmcufinder\plugins\mcufinder
2024-04-14 14:16:18,158 [INFO] ApiDb:250 - Set database path to: C:\Users\S4IOT\.stmcufinder\plugins\mcufinder//mcu/
2024-04-14 14:16:18,158 [WARN] DbFile:41 - Overriding database path with different value: C:\Users\S4IOT\.stmcufinder\plugins\mcufinder/ => C:\Users\S4IOT\.stmcufinder\plugins\mcufinder
2024-04-14 14:16:18,158 [INFO] DbMcusAds:125 - Set database path to: C:\Users\S4IOT\.stmcufinder\plugins\mcufinder//mcu/
2024-04-14 14:16:18,158 [WARN] DbFile:41 - Overriding database path with different value: C:\Users\S4IOT\.stmcufinder\plugins\mcufinder/ => C:\Users\S4IOT\.stmcufinder\plugins\mcufinder
2024-04-14 14:16:18,158 [WARN] DbFile:41 - Overriding database path with different value: C:\Users\S4IOT\.stmcufinder\plugins\mcufinder/ => C:\Users\S4IOT\.stmcufinder\plugins\mcufinder
2024-04-14 14:16:18,158 [INFO] CrossReferenceDbSqlite:203 - Set database path to: C:\Users\S4IOT\.stmcufinder\plugins\mcufinder//mcu/cs/
2024-04-14 14:16:18,186 [INFO] ApplicationProperties:184 - Using Application install path: C:\ST\STM32CubeIDE_1.14.0\STM32CubeIDE\plugins\com.st.stm32cube.common.mx_6.10.0.202311202037
2024-04-14 14:16:18,189 [INFO] PluginManage:196 - Search for loadable plugins [exclusion list=, ]
2024-04-14 14:16:18,191 [INFO] PluginManage:310 - Check plugin analytics
2024-04-14 14:16:18,593 [INFO] AnalyticsPlugin:253 - Accepted Software Licenses: 
2024-04-14 14:16:18,594 [INFO] AnalyticsPlugin:255 - Accepted CMSIS Pack Licenses: 
2024-04-14 14:16:18,595 [INFO] AnalyticsPlugin:257 - Accepted Firmware Licenses: FW.F4.1.28.0
2024-04-14 14:16:18,606 [INFO] PluginManage:359 - Loaded plugin analytics (category:tool,tabindex:-1)
2024-04-14 14:16:18,606 [INFO] PluginManage:310 - Check plugin cadmodel
2024-04-14 14:16:18,619 [INFO] CADModel:105 - Init CAD model plugin
2024-04-14 14:16:18,620 [INFO] PluginManage:359 - Loaded plugin cadmodel (category:power,tabindex:5)
2024-04-14 14:16:18,620 [INFO] PluginManage:310 - Check plugin clock
2024-04-14 14:16:18,648 [INFO] PluginManage:359 - Loaded plugin clock (category:base,tabindex:2)
2024-04-14 14:16:18,649 [INFO] PluginManage:310 - Check plugin ddr
2024-04-14 14:16:18,655 [INFO] PluginManage:359 - Loaded plugin ddr (category:tool,tabindex:6)
2024-04-14 14:16:18,655 [INFO] PluginManage:310 - Check plugin filemanager
2024-04-14 14:16:19,007 [INFO] PluginManage:359 - Loaded plugin filemanager (category:base,tabindex:10)
2024-04-14 14:16:19,007 [INFO] PluginManage:310 - Check plugin ipmanager
2024-04-14 14:16:19,026 [INFO] PluginManage:359 - Loaded plugin ipmanager (category:base,tabindex:5)
2024-04-14 14:16:19,027 [INFO] PluginManage:310 - Check plugin lpbam
2024-04-14 14:16:19,048 [INFO] PluginManage:359 - Loaded plugin lpbam (category:base,tabindex:0)
2024-04-14 14:16:19,049 [INFO] PluginManage:310 - Check plugin memorymap
2024-04-14 14:16:19,086 [INFO] PluginManage:359 - Loaded plugin memorymap (category:base,tabindex:4)
2024-04-14 14:16:19,086 [INFO] PluginManage:310 - Check plugin pinoutandconfiguration
2024-04-14 14:16:19,104 [INFO] PluginManage:359 - Loaded plugin pinoutandconfiguration (category:base,tabindex:1)
2024-04-14 14:16:19,104 [INFO] PluginManage:310 - Check plugin pinoutconfig
2024-04-14 14:16:19,405 [WARN] SupportedApi:132 - Cannot load RTOS API schema: s4s-elt-must-match.1: The content of 'definitions' must match (annotation?, (simpleType | complexType)?, (unique | key | keyref)*)). A problem was found starting at: attribute.
2024-04-14 14:16:19,803 [INFO] PluginManage:359 - Loaded plugin pinoutconfig (category:base,tabindex:0)
2024-04-14 14:16:19,804 [INFO] PluginManage:310 - Check plugin power
2024-04-14 14:16:19,828 [INFO] PluginManage:359 - Loaded plugin power (category:power,tabindex:4)
2024-04-14 14:16:19,829 [INFO] PluginManage:310 - Check plugin projectmanager
2024-04-14 14:16:19,867 [INFO] PluginManage:359 - Loaded plugin projectmanager (category:projectmanager,tabindex:3)
2024-04-14 14:16:19,867 [INFO] PluginManage:310 - Check plugin thirdparty
2024-04-14 14:16:20,162 [INFO] PluginManage:359 - Loaded plugin thirdparty (category:base,tabindex:-1)
2024-04-14 14:16:20,162 [INFO] PluginManage:310 - Check plugin tools
2024-04-14 14:16:20,162 [WARN] IntegrityCheckThread:84 - waiting for thirdparty lock release [integrity check]
2024-04-14 14:16:20,163 [INFO] IntegrityCheckThread:86 - entering critical section [integrity check]
2024-04-14 14:16:20,164 [INFO] ThirdPartyUpdaterWithRetryManager:70 - Updater plugin not ready yet. [1/15]
2024-04-14 14:16:20,168 [INFO] PluginManage:359 - Loaded plugin tools (category:base,tabindex:7)
2024-04-14 14:16:20,168 [INFO] PluginManage:310 - Check plugin tutovideos
2024-04-14 14:16:20,491 [INFO] PluginManage:359 - Loaded plugin tutovideos (category:base,tabindex:-1)
2024-04-14 14:16:20,492 [INFO] PluginManage:310 - Check plugin updater
2024-04-14 14:16:20,519 [INFO] PluginManage:359 - Loaded plugin updater (category:base,tabindex:12)
2024-04-14 14:16:20,519 [INFO] PluginManage:310 - Check plugin userauth
2024-04-14 14:16:20,532 [INFO] UserAuth:114 - Init User Auth plugin
2024-04-14 14:16:20,532 [INFO] PluginManage:359 - Loaded plugin userauth (category:base,tabindex:14)
2024-04-14 14:16:20,533 [INFO] PluginManage:283 - PluginManage : Loaded plugins [17]
2024-04-14 14:16:20,947 [INFO] PinOutPanel:1499 - setPackage(No Configuration,No Configuration)
2024-04-14 14:16:21,078 [INFO] CADModel:165 - CPN selected for project level
2024-04-14 14:16:21,078 [INFO] CADModel:114 - Register for checkConnection events
2024-04-14 14:16:21,106 [INFO] IPUIPlugin:80 - create IPUIPlugin
2024-04-14 14:16:21,106 [INFO] PluginManager:220 - loadIPPluginJar : add adc
2024-04-14 14:16:21,111 [INFO] IPUIPlugin:80 - create IPUIPlugin
2024-04-14 14:16:21,111 [INFO] PluginManager:220 - loadIPPluginJar : add aes
2024-04-14 14:16:21,116 [INFO] IPUIPlugin:80 - create IPUIPlugin
2024-04-14 14:16:21,116 [INFO] PluginManager:220 - loadIPPluginJar : add can
2024-04-14 14:16:21,119 [INFO] IPUIPlugin:80 - create IPUIPlugin
2024-04-14 14:16:21,120 [INFO] PluginManager:220 - loadIPPluginJar : add comp
2024-04-14 14:16:21,125 [INFO] IPUIPlugin:80 - create IPUIPlugin
2024-04-14 14:16:21,125 [INFO] PluginManager:220 - loadIPPluginJar : add cryp
2024-04-14 14:16:21,130 [INFO] IPUIPlugin:80 - create IPUIPlugin
2024-04-14 14:16:21,130 [INFO] PluginManager:220 - loadIPPluginJar : add dfsdm
2024-04-14 14:16:21,140 [INFO] IPUIPlugin:80 - create IPUIPlugin
2024-04-14 14:16:21,141 [INFO] PluginManager:220 - loadIPPluginJar : add dma
2024-04-14 14:16:21,146 [INFO] IPUIPlugin:80 - create IPUIPlugin
2024-04-14 14:16:21,146 [INFO] PluginManager:220 - loadIPPluginJar : add dma3
2024-04-14 14:16:21,149 [INFO] IPUIPlugin:80 - create IPUIPlugin
2024-04-14 14:16:21,149 [INFO] PluginManager:220 - loadIPPluginJar : add fatfs
2024-04-14 14:16:21,156 [INFO] IPUIPlugin:80 - create IPUIPlugin
2024-04-14 14:16:21,157 [INFO] PluginManager:220 - loadIPPluginJar : add fmc
2024-04-14 14:16:21,166 [INFO] IPUIPlugin:80 - create IPUIPlugin
2024-04-14 14:16:21,166 [INFO] PluginManager:220 - loadIPPluginJar : add freertos
2024-04-14 14:16:21,170 [INFO] IPUIPlugin:80 - create IPUIPlugin
2024-04-14 14:16:21,170 [INFO] PluginManager:220 - loadIPPluginJar : add genericplugin
2024-04-14 14:16:21,175 [INFO] IPUIPlugin:80 - create IPUIPlugin
2024-04-14 14:16:21,176 [INFO] PluginManager:220 - loadIPPluginJar : add gfxmmu
2024-04-14 14:16:21,186 [INFO] IPUIPlugin:80 - create IPUIPlugin
2024-04-14 14:16:21,187 [INFO] PluginManager:220 - loadIPPluginJar : add gic
2024-04-14 14:16:21,194 [INFO] IPUIPlugin:80 - create IPUIPlugin
2024-04-14 14:16:21,195 [INFO] PluginManager:220 - loadIPPluginJar : add gpio
2024-04-14 14:16:21,200 [INFO] IPUIPlugin:80 - create IPUIPlugin
2024-04-14 14:16:21,201 [INFO] PluginManager:220 - loadIPPluginJar : add gtzc
2024-04-14 14:16:21,206 [INFO] IPUIPlugin:80 - create IPUIPlugin
2024-04-14 14:16:21,206 [INFO] PluginManager:220 - loadIPPluginJar : add hash
2024-04-14 14:16:21,211 [INFO] IPUIPlugin:80 - create IPUIPlugin
2024-04-14 14:16:21,211 [INFO] PluginManager:220 - loadIPPluginJar : add i2c
2024-04-14 14:16:21,216 [INFO] IPUIPlugin:80 - create IPUIPlugin
2024-04-14 14:16:21,217 [INFO] PluginManager:220 - loadIPPluginJar : add i2s
2024-04-14 14:16:21,222 [INFO] IPUIPlugin:80 - create IPUIPlugin
2024-04-14 14:16:21,222 [INFO] PluginManager:220 - loadIPPluginJar : add i3c
2024-04-14 14:16:21,227 [INFO] IPUIPlugin:80 - create IPUIPlugin
2024-04-14 14:16:21,227 [INFO] PluginManager:220 - loadIPPluginJar : add ipddr
2024-04-14 14:16:21,240 [INFO] IPUIPlugin:80 - create IPUIPlugin
2024-04-14 14:16:21,240 [INFO] PluginManager:220 - loadIPPluginJar : add linkedlist
2024-04-14 14:16:21,246 [INFO] IPUIPlugin:80 - create IPUIPlugin
2024-04-14 14:16:21,246 [INFO] PluginManager:220 - loadIPPluginJar : add lorawan
2024-04-14 14:16:21,249 [INFO] IPUIPlugin:80 - create IPUIPlugin
2024-04-14 14:16:21,249 [INFO] PluginManager:220 - loadIPPluginJar : add ltdc
2024-04-14 14:16:21,260 [INFO] IPUIPlugin:80 - create IPUIPlugin
2024-04-14 14:16:21,260 [INFO] PluginManager:220 - loadIPPluginJar : add mdma
2024-04-14 14:16:21,267 [INFO] IPUIPlugin:80 - create IPUIPlugin
2024-04-14 14:16:21,268 [INFO] PluginManager:220 - loadIPPluginJar : add nvic
2024-04-14 14:16:21,273 [INFO] IPUIPlugin:80 - create IPUIPlugin
2024-04-14 14:16:21,273 [INFO] PluginManager:220 - loadIPPluginJar : add opamp
2024-04-14 14:16:21,280 [INFO] IPUIPlugin:80 - create IPUIPlugin
2024-04-14 14:16:21,280 [INFO] PluginManager:220 - loadIPPluginJar : add openamp
2024-04-14 14:16:21,286 [INFO] IPUIPlugin:80 - create IPUIPlugin
2024-04-14 14:16:21,286 [INFO] PluginManager:220 - loadIPPluginJar : add pdm2pcm
2024-04-14 14:16:21,296 [INFO] IPUIPlugin:80 - create IPUIPlugin
2024-04-14 14:16:21,311 [INFO] PluginManager:220 - loadIPPluginJar : add plateformsettings
2024-04-14 14:16:21,314 [INFO] IPUIPlugin:80 - create IPUIPlugin
2024-04-14 14:16:21,314 [INFO] PluginManager:220 - loadIPPluginJar : add quadspi
2024-04-14 14:16:21,321 [INFO] IPUIPlugin:80 - create IPUIPlugin
2024-04-14 14:16:21,322 [INFO] PluginManager:220 - loadIPPluginJar : add resmgrutility
2024-04-14 14:16:21,327 [INFO] IPUIPlugin:80 - create IPUIPlugin
2024-04-14 14:16:21,328 [INFO] PluginManager:220 - loadIPPluginJar : add sai
2024-04-14 14:16:21,332 [INFO] IPUIPlugin:80 - create IPUIPlugin
2024-04-14 14:16:21,332 [INFO] PluginManager:220 - loadIPPluginJar : add spi
2024-04-14 14:16:21,340 [INFO] IPUIPlugin:80 - create IPUIPlugin
2024-04-14 14:16:21,340 [INFO] PluginManager:220 - loadIPPluginJar : add stm32_wpan
2024-04-14 14:16:21,343 [INFO] IPUIPlugin:80 - create IPUIPlugin
2024-04-14 14:16:21,343 [INFO] PluginManager:220 - loadIPPluginJar : add tim
2024-04-14 14:16:21,348 [INFO] IPUIPlugin:80 - create IPUIPlugin
2024-04-14 14:16:21,348 [INFO] PluginManager:220 - loadIPPluginJar : add touchsensing
2024-04-14 14:16:21,352 [INFO] IPUIPlugin:80 - create IPUIPlugin
2024-04-14 14:16:21,352 [INFO] PluginManager:220 - loadIPPluginJar : add tracer_emb
2024-04-14 14:16:21,356 [INFO] IPUIPlugin:80 - create IPUIPlugin
2024-04-14 14:16:21,356 [INFO] PluginManager:220 - loadIPPluginJar : add ts
2024-04-14 14:16:21,359 [INFO] IPUIPlugin:80 - create IPUIPlugin
2024-04-14 14:16:21,359 [INFO] PluginManager:220 - loadIPPluginJar : add tsc
2024-04-14 14:16:21,362 [INFO] IPUIPlugin:80 - create IPUIPlugin
2024-04-14 14:16:21,363 [INFO] PluginManager:220 - loadIPPluginJar : add ucpd
2024-04-14 14:16:21,368 [INFO] IPUIPlugin:80 - create IPUIPlugin
2024-04-14 14:16:21,368 [INFO] PluginManager:220 - loadIPPluginJar : add usart
2024-04-14 14:16:21,374 [INFO] IPUIPlugin:80 - create IPUIPlugin
2024-04-14 14:16:21,375 [INFO] PluginManager:220 - loadIPPluginJar : add usbx
2024-04-14 14:16:21,556 [INFO] CADModel:165 - CPN selected for project level
2024-04-14 14:16:21,556 [INFO] CADModel:114 - Register for checkConnection events
2024-04-14 14:16:21,556 [FATAL] Updater:308 - Updater called before beeing initialized
2024-04-14 14:16:21,557 [ERROR] CADModel:125 - Updater not yet initialized, retry later 
2024-04-14 14:16:21,790 [INFO] CADModel:165 - CPN selected for project level
2024-04-14 14:16:21,791 [INFO] CADModel:114 - Register for checkConnection events
2024-04-14 14:16:21,791 [FATAL] Updater:308 - Updater called before beeing initialized
2024-04-14 14:16:21,791 [ERROR] CADModel:125 - Updater not yet initialized, retry later 
2024-04-14 14:16:21,795 [FATAL] Updater:308 - Updater called before beeing initialized
2024-04-14 14:16:22,010 [FATAL] Updater:308 - Updater called before beeing initialized
2024-04-14 14:16:22,018 [INFO] DbMcusAds:53 - JSON generation date=Wed Nov 29 04:52:27 CST 2023 (1701255147200)
2024-04-14 14:16:22,019 [FATAL] Updater:308 - Updater called before beeing initialized
2024-04-14 14:16:22,090 [WARN] DetailPanel:346 - Failed to get advertising image, set to default
2024-04-14 14:16:22,257 [FATAL] Updater:308 - Updater called before beeing initialized
2024-04-14 14:16:22,260 [FATAL] Updater:308 - Updater called before beeing initialized
2024-04-14 14:16:22,260 [FATAL] Updater:308 - Updater called before beeing initialized
2024-04-14 14:16:22,260 [WARN] DetailPanel:346 - Failed to get advertising image, set to default
2024-04-14 14:16:22,261 [FATAL] Updater:308 - Updater called before beeing initialized
2024-04-14 14:16:22,365 [ERROR] Updater:1120 - MainUpdater not yet initialized. External WinMGr cannot be set.
2024-04-14 14:16:22,370 [INFO] Updater:1056 - Updater Version found : 6.10.0
2024-04-14 14:16:22,403 [INFO] ApplicationProperties:184 - Using Application install path: C:\ST\STM32CubeIDE_1.14.0\STM32CubeIDE\plugins\com.st.stm32cube.common.mx_6.10.0.202311202037
2024-04-14 14:16:23,166 [INFO] ThirdPartyUpdaterWithRetryManager:70 - Updater plugin not ready yet. [2/15]
2024-04-14 14:16:23,309 [INFO] MainUpdater:2873 - connection check result : 10
2024-04-14 14:16:23,310 [INFO] MainUpdater:290 - Updater Check For Update Now.
2024-04-14 14:16:23,310 [INFO] MicroXplorer:498 - Change Database Version : DB.6.0.100
2024-04-14 14:16:23,318 [INFO] McuFinderGlobals:63 - Set McuFinder mode to 2 (CubeIDE integrated)
2024-04-14 14:16:23,611 [INFO] CheckServerUpdateThread:120 - End of CheckServer Thread
2024-04-14 14:16:24,199 [INFO] UserAuth:404 - Internet connection configuration mode: 1
2024-04-14 14:16:24,217 [INFO] JxBrowserEngine:152 - Initiate JxBrowser Engine with user profile folder
2024-04-14 14:16:25,698 [INFO] WebApp:161 - Instantiating new browser for Auth
2024-04-14 14:16:26,663 [WARN] PackLoader:240 - Cannot read IP mode file for STMicroelectronics.X-CUBE-SMBUS.2.1.0
2024-04-14 14:16:26,681 [WARN] PackLoader:240 - Cannot read IP mode file for STMicroelectronics.X-CUBE-TOUCHGFX.4.23.0
2024-04-14 14:16:26,689 [WARN] PackLoader:240 - Cannot read IP mode file for STMicroelectronics.X-CUBE-TOUCHGFX.4.23.2
2024-04-14 14:16:26,779 [WARN] PackLoader:240 - Cannot read IP mode file for STMicroelectronics.X-CUBE-AZRTOS-F7.1.1.0
2024-04-14 14:16:26,814 [WARN] PackLoader:240 - Cannot read IP mode file for STMicroelectronics.FP-SNS-MOTENV1.4.3.2
2024-04-14 14:16:26,832 [WARN] PackLoader:240 - Cannot read IP mode file for STMicroelectronics.FP-SNS-FLIGHT1.5.0.2
2024-04-14 14:16:26,857 [WARN] PackLoader:240 - Cannot read IP mode file for STMicroelectronics.X-CUBE-DISPLAY.3.0.0
2024-04-14 14:16:26,881 [INFO] WebApp:780 - Register for checkConnection events
2024-04-14 14:16:26,881 [INFO] WebApp:414 - Apply proxy settings
2024-04-14 14:16:26,881 [INFO] WebApp:499 - Chromium requires no authentication
2024-04-14 14:16:26,890 [WARN] PackLoader:240 - Cannot read IP mode file for STMicroelectronics.X-CUBE-BLE1.7.0.0
2024-04-14 14:16:26,903 [INFO] WebApp:442 - Direct internet connection detected
2024-04-14 14:16:26,906 [WARN] PackLoader:240 - Cannot read IP mode file for emotas.I-CUBE-CANOPEN.1.3.0
2024-04-14 14:16:26,937 [WARN] PackLoader:240 - Cannot read IP mode file for STMicroelectronics.X-CUBE-BLEMGR.3.1.0
2024-04-14 14:16:26,957 [WARN] PackLoader:240 - Cannot read IP mode file for STMicroelectronics.FP-SNS-SMARTAG2.1.2.0
2024-04-14 14:16:26,984 [INFO] LogOutputStream:77 - [STDOUT_REDIRECT] 1 : Invalid condition id : UX_CORESTACK_Condition cause : null
2024-04-14 14:16:26,986 [INFO] LogOutputStream:77 - [STDOUT_REDIRECT] 1 : Invalid condition id : UX_CORESTACK_Condition cause : null
2024-04-14 14:16:26,988 [INFO] LogOutputStream:77 - [STDOUT_REDIRECT] 1 : Invalid condition id : UX_CORESTACK_Condition cause : null
2024-04-14 14:16:26,991 [INFO] LogOutputStream:77 - [STDOUT_REDIRECT] 1 : Invalid condition id : UX_CORESTACK_Condition cause : null
2024-04-14 14:16:26,994 [INFO] LogOutputStream:77 - [STDOUT_REDIRECT] 1 : Invalid condition id : UX_CORESTACK_Condition cause : null
2024-04-14 14:16:27,008 [WARN] PackLoader:240 - Cannot read IP mode file for STMicroelectronics.X-CUBE-AZRTOS-WL.2.0.0
2024-04-14 14:16:27,022 [WARN] PackLoader:240 - Cannot read IP mode file for STMicroelectronics.FP-SNS-MOTENV1.5.0.0
2024-04-14 14:16:27,046 [WARN] PackLoader:240 - Cannot read IP mode file for WES.I-CUBE-Cesium.1.3.0
2024-04-14 14:16:27,076 [WARN] PackLoader:240 - Cannot read IP mode file for STMicroelectronics.X-CUBE-BLE2.3.3.0
2024-04-14 14:16:27,095 [WARN] PackLoader:240 - Cannot read IP mode file for STMicroelectronics.X-CUBE-TCPP.4.1.0
2024-04-14 14:16:27,120 [WARN] PackLoader:240 - Cannot read IP mode file for STMicroelectronics.X-CUBE-ALGOBUILD.1.3.0
2024-04-14 14:16:27,282 [WARN] PackLoader:240 - Cannot read IP mode file for STMicroelectronics.X-CUBE-AZRTOS-G0.1.1.0
2024-04-14 14:16:27,305 [WARN] PackLoader:240 - Cannot read IP mode file for STMicroelectronics.X-CUBE-SAFEA1.1.2.2
2024-04-14 14:16:27,345 [WARN] PackLoader:240 - Cannot read IP mode file for STMicroelectronics.X-CUBE-NFC4.3.0.0
2024-04-14 14:16:27,369 [WARN] PackLoader:240 - Cannot read IP mode file for STMicroelectronics.X-CUBE-BLEMGR.3.0.0
2024-04-14 14:16:27,384 [WARN] PackLoader:240 - Cannot read IP mode file for STMicroelectronics.FP-ATR-SIGFOX1.3.2.0
2024-04-14 14:16:27,411 [WARN] PackLoader:240 - Cannot read IP mode file for STMicroelectronics.X-CUBE-EEPRMA1.5.1.0
2024-04-14 14:16:27,492 [WARN] PackLoader:240 - Cannot read IP mode file for SEGGER.I-CUBE-embOS.1.3.1
2024-04-14 14:16:27,577 [WARN] PackLoader:240 - Cannot read IP mode file for STMicroelectronics.X-CUBE-GNSS1.6.0.0
2024-04-14 14:16:27,607 [WARN] PackLoader:240 - Cannot read IP mode file for STMicroelectronics.X-CUBE-AZRTOS-F4.1.1.0
2024-04-14 14:16:27,622 [WARN] PackLoader:240 - Cannot read IP mode file for wolfSSL.I-CUBE-wolfSSL.5.6.6
2024-04-14 14:16:27,659 [WARN] PackLoader:240 - Cannot read IP mode file for STMicroelectronics.X-CUBE-AZRTOS-L5.2.0.0
2024-04-14 14:16:27,689 [WARN] PackLoader:240 - Cannot read IP mode file for STMicroelectronics.X-CUBE-EEPRMA1.4.2.0
2024-04-14 14:16:27,707 [WARN] PackLoader:240 - Cannot read IP mode file for STMicroelectronics.X-CUBE-NFC6.3.1.0
2024-04-14 14:16:27,710 [INFO] WebApp:192 - Starting web application
2024-04-14 14:16:27,711 [INFO] WebApp:544 - Web application path used C:\ST\STM32CubeIDE_1.14.0\STM32CubeIDE\plugins\com.st.stm32cube.common.mx_6.10.0.202311202037\db\plugins\mcufinder\reactClient1\index.html
2024-04-14 14:16:27,726 [WARN] PackLoader:240 - Cannot read IP mode file for ITTIA_DB.I-CUBE-ITTIADB.8.8.0
2024-04-14 14:16:27,740 [WARN] PackLoader:240 - Cannot read IP mode file for STMicroelectronics.X-CUBE-NFC7.1.0.1
2024-04-14 14:16:27,760 [WARN] PackLoader:240 - Cannot read IP mode file for STMicroelectronics.X-CUBE-NFC6.3.0.0
2024-04-14 14:16:27,774 [WARN] PackLoader:240 - Cannot read IP mode file for STMicroelectronics.X-CUBE-AI.8.1.0
2024-04-14 14:16:27,809 [WARN] ConditionMgr:438 - getConditionDescription Invalid condition id : LAN8742 Phy interface Condition cause : null
2024-04-14 14:16:27,810 [WARN] PackLoader:240 - Cannot read IP mode file for STMicroelectronics.X-CUBE-AZRTOS-L4.2.0.0
2024-04-14 14:16:27,813 [WARN] ConditionMgr:1039 - genDependencies : Invalid condition id : LAN8742 Phy interface Condition cause : null
2024-04-14 14:16:27,814 [WARN] ConditionMgr:1039 - genDependencies : Invalid condition id : LAN8742 Phy interface Condition cause : null
2024-04-14 14:16:27,816 [WARN] ConditionMgr:1039 - genDependencies : Invalid condition id : LAN8742 Phy interface Condition cause : null
2024-04-14 14:16:27,837 [WARN] PackLoader:240 - Cannot read IP mode file for STMicroelectronics.X-CUBE-SFXS2LP1.4.0.0
2024-04-14 14:16:27,866 [WARN] ConditionMgr:438 - getConditionDescription Invalid condition id : UX DEVICE CLASS RTOS Condition cause : null
2024-04-14 14:16:27,867 [WARN] ConditionMgr:438 - getConditionDescription Invalid condition id : UX DEVICE CLASS RTOS Condition cause : null
2024-04-14 14:16:27,873 [WARN] PackLoader:240 - Cannot read IP mode file for STMicroelectronics.X-CUBE-AZRTOS-WB.2.0.0
2024-04-14 14:16:27,875 [WARN] ConditionMgr:1039 - genDependencies : Invalid condition id : UX DEVICE CLASS RTOS Condition cause : null
2024-04-14 14:16:27,875 [WARN] ConditionMgr:1039 - genDependencies : Invalid condition id : UX DEVICE CLASS RTOS Condition cause : null
2024-04-14 14:16:27,877 [WARN] ConditionMgr:1039 - genDependencies : Invalid condition id : UX DEVICE CLASS RTOS Condition cause : null
2024-04-14 14:16:27,877 [WARN] ConditionMgr:1039 - genDependencies : Invalid condition id : UX DEVICE CLASS RTOS Condition cause : null
2024-04-14 14:16:27,878 [WARN] ConditionMgr:1039 - genDependencies : Invalid condition id : UX DEVICE CLASS RTOS Condition cause : null
2024-04-14 14:16:27,902 [WARN] PackLoader:240 - Cannot read IP mode file for STMicroelectronics.X-CUBE-SUBG2.5.0.0
2024-04-14 14:16:27,944 [WARN] PackLoader:240 - Cannot read IP mode file for STMicroelectronics.X-CUBE-AZRTOS-G4.2.0.0
2024-04-14 14:16:27,979 [WARN] PackLoader:240 - Cannot read IP mode file for Infineon.AIROC-Wi-Fi-Bluetooth-STM32.1.5.1
2024-04-14 14:16:28,000 [WARN] PackLoader:240 - Cannot read IP mode file for STMicroelectronics.FP-SNS-MOTENVWB1.1.3.1
2024-04-14 14:16:28,011 [WARN] PackLoader:240 - Cannot read IP mode file for STMicroelectronics.X-CUBE-ISPU.2.0.0
2024-04-14 14:16:28,114 [WARN] PackLoader:240 - Cannot read IP mode file for STMicroelectronics.X-CUBE-MEMS1.10.0.0
2024-04-14 14:16:28,527 [WARN] PackLoader:240 - Cannot read IP mode file for STMicroelectronics.X-CUBE-FREERTOS.1.1.0
2024-04-14 14:16:28,543 [WARN] PackLoader:240 - Cannot read IP mode file for portGmbH.I-Cube-SoM-uGOAL.1.1.0
2024-04-14 14:16:28,558 [WARN] PackLoader:240 - Cannot read IP mode file for STMicroelectronics.X-CUBE-ALS.1.0.1
2024-04-14 14:16:28,572 [WARN] PackLoader:240 - Cannot read IP mode file for STMicroelectronics.FP-ATR-ASTRA1.2.0.0
2024-04-14 14:16:28,599 [WARN] PackLoader:240 - Cannot read IP mode file for STMicroelectronics.X-CUBE-TOF1.3.4.0
2024-04-14 14:16:28,665 [WARN] PackLoader:240 - Cannot read IP mode file for STMicroelectronics.X-CUBE-TOF1.3.4.1
2024-04-14 14:16:28,754 [WARN] PackLoader:240 - Cannot read IP mode file for STMicroelectronics.X-CUBE-AZRTOS-H7.3.2.0
2024-04-14 14:16:28,767 [INFO] ThirdParty:978 - Integrity check success = true
2024-04-14 14:16:28,768 [INFO] IntegrityCheckThread:100 - exiting critical section [integrity check]
2024-04-14 14:16:28,768 [INFO] IntegrityCheckThread:103 - End integrity checks thread
2024-04-14 14:16:49,600 [ERROR] LogOutputStream:75 - [STDERR_REDIRECT] SLF4J: Failed to load class "org.slf4j.impl.StaticLoggerBinder".
2024-04-14 14:16:49,601 [ERROR] LogOutputStream:75 - [STDERR_REDIRECT] SLF4J: Defaulting to no-operation (NOP) logger implementation
2024-04-14 14:16:49,606 [ERROR] LogOutputStream:75 - [STDERR_REDIRECT] SLF4J: See http://www.slf4j.org/codes.html#StaticLoggerBinder for further details.
2024-04-14 14:21:17,112 [ERROR] LogOutputStream:75 - [STDERR_REDIRECT] 
2024-04-14 14:35:45,614 [INFO] Activator:176 - 


2024-04-14 14:35:45,618 [INFO] Activator:177 - !SESSION log4j initialized
2024-04-14 14:35:55,015 [INFO] LogOutputStream:77 - [STDOUT_REDIRECT] 
2024-04-14 14:35:57,097 [INFO] ApplicationProperties:184 - Using Application install path: C:\ST\STM32CubeIDE_1.14.0\STM32CubeIDE\plugins\com.st.stm32cube.common.mx_6.10.0.202311202037
2024-04-14 14:35:57,124 [INFO] DbMcusXml:78 - Set database path to: C:\ST\STM32CubeIDE_1.14.0\STM32CubeIDE\plugins\com.st.stm32cube.common.mx_6.10.0.202311202037\\db\/mcu/
2024-04-14 14:35:57,124 [INFO] ApiDb:274 - Set plugin database path to: C:\ST\STM32CubeIDE_1.14.0\STM32CubeIDE\plugins\com.st.stm32cube.common.mx_6.10.0.202311202037\\db\/plugins/boardmanager/
2024-04-14 14:35:57,125 [WARN] ApiDb:259 - Overriding images path with different value:  => C:\ST\STM32CubeIDE_1.14.0\STM32CubeIDE\plugins\com.st.stm32cube.common.mx_6.10.0.202311202037\\db\/plugins/mcufinder/images/
2024-04-14 14:35:57,138 [INFO] ApiDb:250 - Set database path to: C:\Users\S4IOT\.stmcufinder\plugins\mcufinder//mcu/
2024-04-14 14:35:57,140 [INFO] DbMcusAds:125 - Set database path to: C:\Users\S4IOT\.stmcufinder\plugins\mcufinder//mcu/
2024-04-14 14:35:57,143 [INFO] CrossReferenceDbSqlite:203 - Set database path to: C:\Users\S4IOT\.stmcufinder\plugins\mcufinder//mcu/cs/
2024-04-14 14:35:57,317 [INFO] RulesReader:64 - Compatibility file has been processed (297 Rules)
2024-04-14 14:35:57,430 [INFO] DbMcusXml:78 - Set database path to: C:\ST\STM32CubeIDE_1.14.0\STM32CubeIDE\plugins\com.st.stm32cube.common.mx_6.10.0.202311202037\\db\/mcu/
2024-04-14 14:35:57,431 [INFO] ApiDb:274 - Set plugin database path to: C:\ST\STM32CubeIDE_1.14.0\STM32CubeIDE\plugins\com.st.stm32cube.common.mx_6.10.0.202311202037\\db\/plugins/boardmanager/
2024-04-14 14:35:57,431 [INFO] ApiDb:261 - Set plugin images path to: C:\ST\STM32CubeIDE_1.14.0\STM32CubeIDE\plugins\com.st.stm32cube.common.mx_6.10.0.202311202037\\db\/plugins/mcufinder/images/
2024-04-14 14:35:57,431 [WARN] DbFile:41 - Overriding database path with different value: C:\Users\S4IOT\.stmcufinder\plugins\mcufinder/ => C:\Users\S4IOT\.stmcufinder\plugins\mcufinder
2024-04-14 14:35:57,431 [INFO] ApiDb:250 - Set database path to: C:\Users\S4IOT\.stmcufinder\plugins\mcufinder//mcu/
2024-04-14 14:35:57,432 [WARN] DbFile:41 - Overriding database path with different value: C:\Users\S4IOT\.stmcufinder\plugins\mcufinder/ => C:\Users\S4IOT\.stmcufinder\plugins\mcufinder
2024-04-14 14:35:57,432 [INFO] DbMcusAds:125 - Set database path to: C:\Users\S4IOT\.stmcufinder\plugins\mcufinder//mcu/
2024-04-14 14:35:57,432 [WARN] DbFile:41 - Overriding database path with different value: C:\Users\S4IOT\.stmcufinder\plugins\mcufinder/ => C:\Users\S4IOT\.stmcufinder\plugins\mcufinder
2024-04-14 14:35:57,432 [WARN] DbFile:41 - Overriding database path with different value: C:\Users\S4IOT\.stmcufinder\plugins\mcufinder/ => C:\Users\S4IOT\.stmcufinder\plugins\mcufinder
2024-04-14 14:35:57,432 [INFO] CrossReferenceDbSqlite:203 - Set database path to: C:\Users\S4IOT\.stmcufinder\plugins\mcufinder//mcu/cs/
2024-04-14 14:35:57,545 [INFO] MainPanel:264 - HeapMemory: 268435456
2024-04-14 14:35:57,688 [INFO] DbMcusXml:78 - Set database path to: C:\ST\STM32CubeIDE_1.14.0\STM32CubeIDE\plugins\com.st.stm32cube.common.mx_6.10.0.202311202037\\db\/mcu/
2024-04-14 14:35:57,688 [INFO] ApiDb:274 - Set plugin database path to: C:\ST\STM32CubeIDE_1.14.0\STM32CubeIDE\plugins\com.st.stm32cube.common.mx_6.10.0.202311202037\\db\/plugins/boardmanager/
2024-04-14 14:35:57,688 [INFO] ApiDb:261 - Set plugin images path to: C:\ST\STM32CubeIDE_1.14.0\STM32CubeIDE\plugins\com.st.stm32cube.common.mx_6.10.0.202311202037\\db\/plugins/mcufinder/images/
2024-04-14 14:35:57,689 [WARN] DbFile:41 - Overriding database path with different value: C:\Users\S4IOT\.stmcufinder\plugins\mcufinder/ => C:\Users\S4IOT\.stmcufinder\plugins\mcufinder
2024-04-14 14:35:57,689 [INFO] ApiDb:250 - Set database path to: C:\Users\S4IOT\.stmcufinder\plugins\mcufinder//mcu/
2024-04-14 14:35:57,689 [WARN] DbFile:41 - Overriding database path with different value: C:\Users\S4IOT\.stmcufinder\plugins\mcufinder/ => C:\Users\S4IOT\.stmcufinder\plugins\mcufinder
2024-04-14 14:35:57,690 [INFO] DbMcusAds:125 - Set database path to: C:\Users\S4IOT\.stmcufinder\plugins\mcufinder//mcu/
2024-04-14 14:35:57,690 [WARN] DbFile:41 - Overriding database path with different value: C:\Users\S4IOT\.stmcufinder\plugins\mcufinder/ => C:\Users\S4IOT\.stmcufinder\plugins\mcufinder
2024-04-14 14:35:57,690 [WARN] DbFile:41 - Overriding database path with different value: C:\Users\S4IOT\.stmcufinder\plugins\mcufinder/ => C:\Users\S4IOT\.stmcufinder\plugins\mcufinder
2024-04-14 14:35:57,690 [INFO] CrossReferenceDbSqlite:203 - Set database path to: C:\Users\S4IOT\.stmcufinder\plugins\mcufinder//mcu/cs/
2024-04-14 14:35:57,724 [INFO] ApplicationProperties:184 - Using Application install path: C:\ST\STM32CubeIDE_1.14.0\STM32CubeIDE\plugins\com.st.stm32cube.common.mx_6.10.0.202311202037
2024-04-14 14:35:57,727 [INFO] PluginManage:196 - Search for loadable plugins [exclusion list=, ]
2024-04-14 14:35:57,730 [INFO] PluginManage:310 - Check plugin analytics
2024-04-14 14:35:58,052 [INFO] AnalyticsPlugin:253 - Accepted Software Licenses: 
2024-04-14 14:35:58,053 [INFO] AnalyticsPlugin:255 - Accepted CMSIS Pack Licenses: 
2024-04-14 14:35:58,054 [INFO] AnalyticsPlugin:257 - Accepted Firmware Licenses: FW.F4.1.28.0
2024-04-14 14:35:58,059 [INFO] PluginManage:359 - Loaded plugin analytics (category:tool,tabindex:-1)
2024-04-14 14:35:58,059 [INFO] PluginManage:310 - Check plugin cadmodel
2024-04-14 14:35:58,081 [INFO] CADModel:105 - Init CAD model plugin
2024-04-14 14:35:58,081 [INFO] PluginManage:359 - Loaded plugin cadmodel (category:power,tabindex:5)
2024-04-14 14:35:58,081 [INFO] PluginManage:310 - Check plugin clock
2024-04-14 14:35:58,109 [INFO] PluginManage:359 - Loaded plugin clock (category:base,tabindex:2)
2024-04-14 14:35:58,109 [INFO] PluginManage:310 - Check plugin ddr
2024-04-14 14:35:58,112 [INFO] PluginManage:359 - Loaded plugin ddr (category:tool,tabindex:6)
2024-04-14 14:35:58,113 [INFO] PluginManage:310 - Check plugin filemanager
2024-04-14 14:35:58,345 [INFO] PluginManage:359 - Loaded plugin filemanager (category:base,tabindex:10)
2024-04-14 14:35:58,346 [INFO] PluginManage:310 - Check plugin ipmanager
2024-04-14 14:35:58,360 [INFO] PluginManage:359 - Loaded plugin ipmanager (category:base,tabindex:5)
2024-04-14 14:35:58,360 [INFO] PluginManage:310 - Check plugin lpbam
2024-04-14 14:35:58,386 [INFO] PluginManage:359 - Loaded plugin lpbam (category:base,tabindex:0)
2024-04-14 14:35:58,387 [INFO] PluginManage:310 - Check plugin memorymap
2024-04-14 14:35:58,418 [INFO] PluginManage:359 - Loaded plugin memorymap (category:base,tabindex:4)
2024-04-14 14:35:58,419 [INFO] PluginManage:310 - Check plugin pinoutandconfiguration
2024-04-14 14:35:58,444 [INFO] PluginManage:359 - Loaded plugin pinoutandconfiguration (category:base,tabindex:1)
2024-04-14 14:35:58,444 [INFO] PluginManage:310 - Check plugin pinoutconfig
2024-04-14 14:35:58,602 [WARN] SupportedApi:132 - Cannot load RTOS API schema: s4s-elt-must-match.1: The content of 'definitions' must match (annotation?, (simpleType | complexType)?, (unique | key | keyref)*)). A problem was found starting at: attribute.
2024-04-14 14:35:58,793 [INFO] PluginManage:359 - Loaded plugin pinoutconfig (category:base,tabindex:0)
2024-04-14 14:35:58,793 [INFO] PluginManage:310 - Check plugin power
2024-04-14 14:35:58,823 [INFO] PluginManage:359 - Loaded plugin power (category:power,tabindex:4)
2024-04-14 14:35:58,824 [INFO] PluginManage:310 - Check plugin projectmanager
2024-04-14 14:35:58,868 [INFO] PluginManage:359 - Loaded plugin projectmanager (category:projectmanager,tabindex:3)
2024-04-14 14:35:58,868 [INFO] PluginManage:310 - Check plugin thirdparty
2024-04-14 14:35:59,277 [INFO] PluginManage:359 - Loaded plugin thirdparty (category:base,tabindex:-1)
2024-04-14 14:35:59,277 [INFO] PluginManage:310 - Check plugin tools
2024-04-14 14:35:59,277 [WARN] IntegrityCheckThread:84 - waiting for thirdparty lock release [integrity check]
2024-04-14 14:35:59,278 [INFO] IntegrityCheckThread:86 - entering critical section [integrity check]
2024-04-14 14:35:59,278 [INFO] ThirdPartyUpdaterWithRetryManager:70 - Updater plugin not ready yet. [1/15]
2024-04-14 14:35:59,320 [INFO] PluginManage:359 - Loaded plugin tools (category:base,tabindex:7)
2024-04-14 14:35:59,321 [INFO] PluginManage:310 - Check plugin tutovideos
2024-04-14 14:35:59,542 [INFO] PluginManage:359 - Loaded plugin tutovideos (category:base,tabindex:-1)
2024-04-14 14:35:59,542 [INFO] PluginManage:310 - Check plugin updater
2024-04-14 14:35:59,557 [INFO] PluginManage:359 - Loaded plugin updater (category:base,tabindex:12)
2024-04-14 14:35:59,557 [INFO] PluginManage:310 - Check plugin userauth
2024-04-14 14:35:59,564 [INFO] UserAuth:114 - Init User Auth plugin
2024-04-14 14:35:59,565 [INFO] PluginManage:359 - Loaded plugin userauth (category:base,tabindex:14)
2024-04-14 14:35:59,566 [INFO] PluginManage:283 - PluginManage : Loaded plugins [17]
2024-04-14 14:35:59,867 [INFO] PinOutPanel:1499 - setPackage(No Configuration,No Configuration)
2024-04-14 14:35:59,989 [INFO] CADModel:165 - CPN selected for project level
2024-04-14 14:35:59,989 [INFO] CADModel:114 - Register for checkConnection events
2024-04-14 14:36:00,031 [INFO] IPUIPlugin:80 - create IPUIPlugin
2024-04-14 14:36:00,031 [INFO] PluginManager:220 - loadIPPluginJar : add adc
2024-04-14 14:36:00,090 [INFO] IPUIPlugin:80 - create IPUIPlugin
2024-04-14 14:36:00,090 [INFO] PluginManager:220 - loadIPPluginJar : add aes
2024-04-14 14:36:00,136 [INFO] IPUIPlugin:80 - create IPUIPlugin
2024-04-14 14:36:00,136 [INFO] PluginManager:220 - loadIPPluginJar : add can
2024-04-14 14:36:00,162 [INFO] IPUIPlugin:80 - create IPUIPlugin
2024-04-14 14:36:00,162 [INFO] PluginManager:220 - loadIPPluginJar : add comp
2024-04-14 14:36:00,201 [INFO] IPUIPlugin:80 - create IPUIPlugin
2024-04-14 14:36:00,201 [INFO] PluginManager:220 - loadIPPluginJar : add cryp
2024-04-14 14:36:00,234 [INFO] IPUIPlugin:80 - create IPUIPlugin
2024-04-14 14:36:00,234 [INFO] PluginManager:220 - loadIPPluginJar : add dfsdm
2024-04-14 14:36:00,252 [INFO] IPUIPlugin:80 - create IPUIPlugin
2024-04-14 14:36:00,253 [INFO] PluginManager:220 - loadIPPluginJar : add dma
2024-04-14 14:36:00,302 [INFO] IPUIPlugin:80 - create IPUIPlugin
2024-04-14 14:36:00,302 [INFO] PluginManager:220 - loadIPPluginJar : add dma3
2024-04-14 14:36:00,333 [INFO] IPUIPlugin:80 - create IPUIPlugin
2024-04-14 14:36:00,333 [INFO] PluginManager:220 - loadIPPluginJar : add fatfs
2024-04-14 14:36:00,402 [INFO] IPUIPlugin:80 - create IPUIPlugin
2024-04-14 14:36:00,402 [INFO] PluginManager:220 - loadIPPluginJar : add fmc
2024-04-14 14:36:00,423 [INFO] IPUIPlugin:80 - create IPUIPlugin
2024-04-14 14:36:00,423 [INFO] PluginManager:220 - loadIPPluginJar : add freertos
2024-04-14 14:36:00,447 [INFO] IPUIPlugin:80 - create IPUIPlugin
2024-04-14 14:36:00,447 [INFO] PluginManager:220 - loadIPPluginJar : add genericplugin
2024-04-14 14:36:00,554 [INFO] IPUIPlugin:80 - create IPUIPlugin
2024-04-14 14:36:00,555 [INFO] PluginManager:220 - loadIPPluginJar : add gfxmmu
2024-04-14 14:36:00,711 [INFO] IPUIPlugin:80 - create IPUIPlugin
2024-04-14 14:36:00,711 [INFO] PluginManager:220 - loadIPPluginJar : add gic
2024-04-14 14:36:00,726 [INFO] IPUIPlugin:80 - create IPUIPlugin
2024-04-14 14:36:00,727 [INFO] PluginManager:220 - loadIPPluginJar : add gpio
2024-04-14 14:36:00,870 [INFO] IPUIPlugin:80 - create IPUIPlugin
2024-04-14 14:36:00,870 [INFO] PluginManager:220 - loadIPPluginJar : add gtzc
2024-04-14 14:36:00,906 [INFO] IPUIPlugin:80 - create IPUIPlugin
2024-04-14 14:36:00,906 [INFO] PluginManager:220 - loadIPPluginJar : add hash
2024-04-14 14:36:00,966 [INFO] IPUIPlugin:80 - create IPUIPlugin
2024-04-14 14:36:00,966 [INFO] PluginManager:220 - loadIPPluginJar : add i2c
2024-04-14 14:36:01,008 [INFO] IPUIPlugin:80 - create IPUIPlugin
2024-04-14 14:36:01,008 [INFO] PluginManager:220 - loadIPPluginJar : add i2s
2024-04-14 14:36:01,067 [INFO] IPUIPlugin:80 - create IPUIPlugin
2024-04-14 14:36:01,067 [INFO] PluginManager:220 - loadIPPluginJar : add i3c
2024-04-14 14:36:01,180 [INFO] IPUIPlugin:80 - create IPUIPlugin
2024-04-14 14:36:01,181 [INFO] PluginManager:220 - loadIPPluginJar : add ipddr
2024-04-14 14:36:01,286 [INFO] IPUIPlugin:80 - create IPUIPlugin
2024-04-14 14:36:01,286 [INFO] PluginManager:220 - loadIPPluginJar : add linkedlist
2024-04-14 14:36:01,328 [INFO] IPUIPlugin:80 - create IPUIPlugin
2024-04-14 14:36:01,328 [INFO] PluginManager:220 - loadIPPluginJar : add lorawan
2024-04-14 14:36:01,368 [INFO] IPUIPlugin:80 - create IPUIPlugin
2024-04-14 14:36:01,368 [INFO] PluginManager:220 - loadIPPluginJar : add ltdc
2024-04-14 14:36:01,383 [INFO] IPUIPlugin:80 - create IPUIPlugin
2024-04-14 14:36:01,383 [INFO] PluginManager:220 - loadIPPluginJar : add mdma
2024-04-14 14:36:01,397 [INFO] IPUIPlugin:80 - create IPUIPlugin
2024-04-14 14:36:01,397 [INFO] PluginManager:220 - loadIPPluginJar : add nvic
2024-04-14 14:36:01,447 [INFO] IPUIPlugin:80 - create IPUIPlugin
2024-04-14 14:36:01,447 [INFO] PluginManager:220 - loadIPPluginJar : add opamp
2024-04-14 14:36:01,528 [INFO] IPUIPlugin:80 - create IPUIPlugin
2024-04-14 14:36:01,528 [INFO] PluginManager:220 - loadIPPluginJar : add openamp
2024-04-14 14:36:01,582 [INFO] IPUIPlugin:80 - create IPUIPlugin
2024-04-14 14:36:01,582 [INFO] PluginManager:220 - loadIPPluginJar : add pdm2pcm
2024-04-14 14:36:01,597 [INFO] IPUIPlugin:80 - create IPUIPlugin
2024-04-14 14:36:01,600 [INFO] PluginManager:220 - loadIPPluginJar : add plateformsettings
2024-04-14 14:36:01,633 [INFO] IPUIPlugin:80 - create IPUIPlugin
2024-04-14 14:36:01,633 [INFO] PluginManager:220 - loadIPPluginJar : add quadspi
2024-04-14 14:36:01,646 [INFO] IPUIPlugin:80 - create IPUIPlugin
2024-04-14 14:36:01,646 [INFO] PluginManager:220 - loadIPPluginJar : add resmgrutility
2024-04-14 14:36:01,697 [INFO] IPUIPlugin:80 - create IPUIPlugin
2024-04-14 14:36:01,698 [INFO] PluginManager:220 - loadIPPluginJar : add sai
2024-04-14 14:36:01,738 [INFO] IPUIPlugin:80 - create IPUIPlugin
2024-04-14 14:36:01,738 [INFO] PluginManager:220 - loadIPPluginJar : add spi
2024-04-14 14:36:01,814 [INFO] IPUIPlugin:80 - create IPUIPlugin
2024-04-14 14:36:01,814 [INFO] PluginManager:220 - loadIPPluginJar : add stm32_wpan
2024-04-14 14:36:01,848 [INFO] IPUIPlugin:80 - create IPUIPlugin
2024-04-14 14:36:01,848 [INFO] PluginManager:220 - loadIPPluginJar : add tim
2024-04-14 14:36:01,909 [INFO] IPUIPlugin:80 - create IPUIPlugin
2024-04-14 14:36:01,909 [INFO] PluginManager:220 - loadIPPluginJar : add touchsensing
2024-04-14 14:36:01,938 [INFO] IPUIPlugin:80 - create IPUIPlugin
2024-04-14 14:36:01,939 [INFO] PluginManager:220 - loadIPPluginJar : add tracer_emb
2024-04-14 14:36:01,965 [INFO] IPUIPlugin:80 - create IPUIPlugin
2024-04-14 14:36:01,966 [INFO] PluginManager:220 - loadIPPluginJar : add ts
2024-04-14 14:36:01,996 [INFO] IPUIPlugin:80 - create IPUIPlugin
2024-04-14 14:36:01,996 [INFO] PluginManager:220 - loadIPPluginJar : add tsc
2024-04-14 14:36:02,022 [INFO] IPUIPlugin:80 - create IPUIPlugin
2024-04-14 14:36:02,022 [INFO] PluginManager:220 - loadIPPluginJar : add ucpd
2024-04-14 14:36:02,086 [INFO] IPUIPlugin:80 - create IPUIPlugin
2024-04-14 14:36:02,086 [INFO] PluginManager:220 - loadIPPluginJar : add usart
2024-04-14 14:36:02,139 [INFO] IPUIPlugin:80 - create IPUIPlugin
2024-04-14 14:36:02,139 [INFO] PluginManager:220 - loadIPPluginJar : add usbx
2024-04-14 14:36:02,281 [INFO] ThirdPartyUpdaterWithRetryManager:70 - Updater plugin not ready yet. [2/15]
2024-04-14 14:36:02,295 [INFO] CADModel:165 - CPN selected for project level
2024-04-14 14:36:02,295 [INFO] CADModel:114 - Register for checkConnection events
2024-04-14 14:36:02,296 [FATAL] Updater:308 - Updater called before beeing initialized
2024-04-14 14:36:02,296 [ERROR] CADModel:125 - Updater not yet initialized, retry later 
2024-04-14 14:36:02,462 [INFO] CADModel:165 - CPN selected for project level
2024-04-14 14:36:02,462 [INFO] CADModel:114 - Register for checkConnection events
2024-04-14 14:36:02,462 [FATAL] Updater:308 - Updater called before beeing initialized
2024-04-14 14:36:02,462 [ERROR] CADModel:125 - Updater not yet initialized, retry later 
2024-04-14 14:36:02,466 [FATAL] Updater:308 - Updater called before beeing initialized
2024-04-14 14:36:02,661 [FATAL] Updater:308 - Updater called before beeing initialized
2024-04-14 14:36:02,676 [INFO] DbMcusAds:53 - JSON generation date=Wed Nov 29 04:52:27 CST 2023 (1701255147200)
2024-04-14 14:36:02,676 [FATAL] Updater:308 - Updater called before beeing initialized
2024-04-14 14:36:02,792 [WARN] DetailPanel:346 - Failed to get advertising image, set to default
2024-04-14 14:36:02,913 [FATAL] Updater:308 - Updater called before beeing initialized
2024-04-14 14:36:02,915 [FATAL] Updater:308 - Updater called before beeing initialized
2024-04-14 14:36:02,915 [FATAL] Updater:308 - Updater called before beeing initialized
2024-04-14 14:36:02,915 [WARN] DetailPanel:346 - Failed to get advertising image, set to default
2024-04-14 14:36:02,916 [FATAL] Updater:308 - Updater called before beeing initialized
2024-04-14 14:36:02,990 [ERROR] Updater:1120 - MainUpdater not yet initialized. External WinMGr cannot be set.
2024-04-14 14:36:03,004 [INFO] Updater:1056 - Updater Version found : 6.10.0
2024-04-14 14:36:03,025 [INFO] ApplicationProperties:184 - Using Application install path: C:\ST\STM32CubeIDE_1.14.0\STM32CubeIDE\plugins\com.st.stm32cube.common.mx_6.10.0.202311202037
2024-04-14 14:36:04,367 [INFO] MainUpdater:2873 - connection check result : 10
2024-04-14 14:36:04,369 [INFO] MainUpdater:290 - Updater Check For Update Now.
2024-04-14 14:36:04,369 [INFO] MicroXplorer:498 - Change Database Version : DB.6.0.100
2024-04-14 14:36:04,392 [INFO] McuFinderGlobals:63 - Set McuFinder mode to 2 (CubeIDE integrated)
2024-04-14 14:36:04,685 [INFO] CheckServerUpdateThread:120 - End of CheckServer Thread
2024-04-14 14:36:04,937 [INFO] UserAuth:404 - Internet connection configuration mode: 1
2024-04-14 14:36:04,970 [INFO] JxBrowserEngine:152 - Initiate JxBrowser Engine with user profile folder
2024-04-14 14:36:05,664 [WARN] PackLoader:240 - Cannot read IP mode file for STMicroelectronics.X-CUBE-SMBUS.2.1.0
2024-04-14 14:36:05,686 [WARN] PackLoader:240 - Cannot read IP mode file for STMicroelectronics.X-CUBE-TOUCHGFX.4.23.0
2024-04-14 14:36:05,703 [WARN] PackLoader:240 - Cannot read IP mode file for STMicroelectronics.X-CUBE-TOUCHGFX.4.23.2
2024-04-14 14:36:05,794 [WARN] PackLoader:240 - Cannot read IP mode file for STMicroelectronics.X-CUBE-AZRTOS-F7.1.1.0
2024-04-14 14:36:05,841 [WARN] PackLoader:240 - Cannot read IP mode file for STMicroelectronics.FP-SNS-MOTENV1.4.3.2
2024-04-14 14:36:05,877 [WARN] PackLoader:240 - Cannot read IP mode file for STMicroelectronics.FP-SNS-FLIGHT1.5.0.2
2024-04-14 14:36:05,907 [WARN] PackLoader:240 - Cannot read IP mode file for STMicroelectronics.X-CUBE-DISPLAY.3.0.0
2024-04-14 14:36:05,951 [WARN] PackLoader:240 - Cannot read IP mode file for STMicroelectronics.X-CUBE-BLE1.7.0.0
2024-04-14 14:36:05,976 [WARN] PackLoader:240 - Cannot read IP mode file for emotas.I-CUBE-CANOPEN.1.3.0
2024-04-14 14:36:06,011 [WARN] PackLoader:240 - Cannot read IP mode file for STMicroelectronics.X-CUBE-BLEMGR.3.1.0
2024-04-14 14:36:06,039 [WARN] PackLoader:240 - Cannot read IP mode file for STMicroelectronics.FP-SNS-SMARTAG2.1.2.0
2024-04-14 14:36:06,086 [INFO] LogOutputStream:77 - [STDOUT_REDIRECT] 1 : Invalid condition id : UX_CORESTACK_Condition cause : null
2024-04-14 14:36:06,087 [INFO] LogOutputStream:77 - [STDOUT_REDIRECT] 1 : Invalid condition id : UX_CORESTACK_Condition cause : null
2024-04-14 14:36:06,090 [INFO] LogOutputStream:77 - [STDOUT_REDIRECT] 1 : Invalid condition id : UX_CORESTACK_Condition cause : null
2024-04-14 14:36:06,092 [INFO] LogOutputStream:77 - [STDOUT_REDIRECT] 1 : Invalid condition id : UX_CORESTACK_Condition cause : null
2024-04-14 14:36:06,095 [INFO] LogOutputStream:77 - [STDOUT_REDIRECT] 1 : Invalid condition id : UX_CORESTACK_Condition cause : null
2024-04-14 14:36:06,102 [WARN] PackLoader:240 - Cannot read IP mode file for STMicroelectronics.X-CUBE-AZRTOS-WL.2.0.0
2024-04-14 14:36:06,129 [WARN] PackLoader:240 - Cannot read IP mode file for STMicroelectronics.FP-SNS-MOTENV1.5.0.0
2024-04-14 14:36:06,164 [WARN] PackLoader:240 - Cannot read IP mode file for WES.I-CUBE-Cesium.1.3.0
2024-04-14 14:36:06,186 [WARN] PackLoader:240 - Cannot read IP mode file for STMicroelectronics.X-CUBE-BLE2.3.3.0
2024-04-14 14:36:06,208 [WARN] PackLoader:240 - Cannot read IP mode file for STMicroelectronics.X-CUBE-TCPP.4.1.0
2024-04-14 14:36:06,233 [WARN] PackLoader:240 - Cannot read IP mode file for STMicroelectronics.X-CUBE-ALGOBUILD.1.3.0
2024-04-14 14:36:06,283 [WARN] PackLoader:240 - Cannot read IP mode file for STMicroelectronics.X-CUBE-AZRTOS-G0.1.1.0
2024-04-14 14:36:06,321 [WARN] PackLoader:240 - Cannot read IP mode file for STMicroelectronics.X-CUBE-SAFEA1.1.2.2
2024-04-14 14:36:06,354 [WARN] PackLoader:240 - Cannot read IP mode file for STMicroelectronics.X-CUBE-NFC4.3.0.0
2024-04-14 14:36:06,394 [WARN] PackLoader:240 - Cannot read IP mode file for STMicroelectronics.X-CUBE-BLEMGR.3.0.0
2024-04-14 14:36:06,426 [WARN] PackLoader:240 - Cannot read IP mode file for STMicroelectronics.FP-ATR-SIGFOX1.3.2.0
2024-04-14 14:36:06,453 [WARN] PackLoader:240 - Cannot read IP mode file for STMicroelectronics.X-CUBE-EEPRMA1.5.1.0
2024-04-14 14:36:06,516 [WARN] PackLoader:240 - Cannot read IP mode file for SEGGER.I-CUBE-embOS.1.3.1
2024-04-14 14:36:06,656 [WARN] PackLoader:240 - Cannot read IP mode file for STMicroelectronics.X-CUBE-GNSS1.6.0.0
2024-04-14 14:36:06,759 [WARN] PackLoader:240 - Cannot read IP mode file for STMicroelectronics.X-CUBE-AZRTOS-F4.1.1.0
2024-04-14 14:36:06,798 [WARN] PackLoader:240 - Cannot read IP mode file for wolfSSL.I-CUBE-wolfSSL.5.6.6
2024-04-14 14:36:06,868 [WARN] PackLoader:240 - Cannot read IP mode file for STMicroelectronics.X-CUBE-AZRTOS-L5.2.0.0
2024-04-14 14:36:06,911 [WARN] PackLoader:240 - Cannot read IP mode file for STMicroelectronics.X-CUBE-EEPRMA1.4.2.0
2024-04-14 14:36:06,940 [WARN] PackLoader:240 - Cannot read IP mode file for STMicroelectronics.X-CUBE-NFC6.3.1.0
2024-04-14 14:36:06,970 [WARN] PackLoader:240 - Cannot read IP mode file for ITTIA_DB.I-CUBE-ITTIADB.8.8.0
2024-04-14 14:36:06,989 [WARN] PackLoader:240 - Cannot read IP mode file for STMicroelectronics.X-CUBE-NFC7.1.0.1
2024-04-14 14:36:07,013 [WARN] PackLoader:240 - Cannot read IP mode file for STMicroelectronics.X-CUBE-NFC6.3.0.0
2024-04-14 14:36:07,039 [WARN] PackLoader:240 - Cannot read IP mode file for STMicroelectronics.X-CUBE-AI.8.1.0
2024-04-14 14:36:07,088 [WARN] ConditionMgr:438 - getConditionDescription Invalid condition id : LAN8742 Phy interface Condition cause : null
2024-04-14 14:36:07,090 [WARN] PackLoader:240 - Cannot read IP mode file for STMicroelectronics.X-CUBE-AZRTOS-L4.2.0.0
2024-04-14 14:36:07,092 [WARN] ConditionMgr:1039 - genDependencies : Invalid condition id : LAN8742 Phy interface Condition cause : null
2024-04-14 14:36:07,092 [WARN] ConditionMgr:1039 - genDependencies : Invalid condition id : LAN8742 Phy interface Condition cause : null
2024-04-14 14:36:07,093 [WARN] ConditionMgr:1039 - genDependencies : Invalid condition id : LAN8742 Phy interface Condition cause : null
2024-04-14 14:36:07,127 [WARN] PackLoader:240 - Cannot read IP mode file for STMicroelectronics.X-CUBE-SFXS2LP1.4.0.0
2024-04-14 14:36:07,166 [WARN] ConditionMgr:438 - getConditionDescription Invalid condition id : UX DEVICE CLASS RTOS Condition cause : null
2024-04-14 14:36:07,166 [WARN] ConditionMgr:438 - getConditionDescription Invalid condition id : UX DEVICE CLASS RTOS Condition cause : null
2024-04-14 14:36:07,171 [WARN] PackLoader:240 - Cannot read IP mode file for STMicroelectronics.X-CUBE-AZRTOS-WB.2.0.0
2024-04-14 14:36:07,172 [WARN] ConditionMgr:1039 - genDependencies : Invalid condition id : UX DEVICE CLASS RTOS Condition cause : null
2024-04-14 14:36:07,172 [WARN] ConditionMgr:1039 - genDependencies : Invalid condition id : UX DEVICE CLASS RTOS Condition cause : null
2024-04-14 14:36:07,173 [WARN] ConditionMgr:1039 - genDependencies : Invalid condition id : UX DEVICE CLASS RTOS Condition cause : null
2024-04-14 14:36:07,174 [WARN] ConditionMgr:1039 - genDependencies : Invalid condition id : UX DEVICE CLASS RTOS Condition cause : null
2024-04-14 14:36:07,174 [WARN] ConditionMgr:1039 - genDependencies : Invalid condition id : UX DEVICE CLASS RTOS Condition cause : null
2024-04-14 14:36:07,211 [WARN] PackLoader:240 - Cannot read IP mode file for STMicroelectronics.X-CUBE-SUBG2.5.0.0
2024-04-14 14:36:07,260 [WARN] PackLoader:240 - Cannot read IP mode file for STMicroelectronics.X-CUBE-AZRTOS-G4.2.0.0
2024-04-14 14:36:07,302 [WARN] PackLoader:240 - Cannot read IP mode file for Infineon.AIROC-Wi-Fi-Bluetooth-STM32.1.5.1
2024-04-14 14:36:07,328 [WARN] PackLoader:240 - Cannot read IP mode file for STMicroelectronics.FP-SNS-MOTENVWB1.1.3.1
2024-04-14 14:36:07,348 [WARN] PackLoader:240 - Cannot read IP mode file for STMicroelectronics.X-CUBE-ISPU.2.0.0
2024-04-14 14:36:07,466 [WARN] PackLoader:240 - Cannot read IP mode file for STMicroelectronics.X-CUBE-MEMS1.10.0.0
2024-04-14 14:36:07,740 [WARN] PackLoader:240 - Cannot read IP mode file for STMicroelectronics.X-CUBE-FREERTOS.1.1.0
2024-04-14 14:36:07,767 [WARN] PackLoader:240 - Cannot read IP mode file for portGmbH.I-Cube-SoM-uGOAL.1.1.0
2024-04-14 14:36:07,792 [WARN] PackLoader:240 - Cannot read IP mode file for STMicroelectronics.X-CUBE-ALS.1.0.1
2024-04-14 14:36:07,809 [WARN] PackLoader:240 - Cannot read IP mode file for STMicroelectronics.FP-ATR-ASTRA1.2.0.0
2024-04-14 14:36:07,839 [WARN] PackLoader:240 - Cannot read IP mode file for STMicroelectronics.X-CUBE-TOF1.3.4.0
2024-04-14 14:36:07,892 [WARN] PackLoader:240 - Cannot read IP mode file for STMicroelectronics.X-CUBE-TOF1.3.4.1
2024-04-14 14:36:07,975 [WARN] PackLoader:240 - Cannot read IP mode file for STMicroelectronics.X-CUBE-AZRTOS-H7.3.2.0
2024-04-14 14:36:07,980 [INFO] ThirdParty:978 - Integrity check success = true
2024-04-14 14:36:07,981 [INFO] IntegrityCheckThread:100 - exiting critical section [integrity check]
2024-04-14 14:36:07,981 [INFO] IntegrityCheckThread:103 - End integrity checks thread
2024-04-14 14:36:09,004 [INFO] WebApp:161 - Instantiating new browser for Auth
2024-04-14 14:36:09,843 [INFO] WebApp:780 - Register for checkConnection events
2024-04-14 14:36:09,843 [INFO] WebApp:414 - Apply proxy settings
2024-04-14 14:36:09,843 [INFO] WebApp:499 - Chromium requires no authentication
2024-04-14 14:36:09,852 [INFO] WebApp:442 - Direct internet connection detected
2024-04-14 14:36:10,025 [INFO] WebApp:192 - Starting web application
2024-04-14 14:36:10,026 [INFO] WebApp:544 - Web application path used C:\ST\STM32CubeIDE_1.14.0\STM32CubeIDE\plugins\com.st.stm32cube.common.mx_6.10.0.202311202037\db\plugins\mcufinder\reactClient1\index.html
2024-04-14 14:36:31,456 [ERROR] LogOutputStream:75 - [STDERR_REDIRECT] SLF4J: Failed to load class "org.slf4j.impl.StaticLoggerBinder".
2024-04-14 14:36:31,457 [ERROR] LogOutputStream:75 - [STDERR_REDIRECT] SLF4J: Defaulting to no-operation (NOP) logger implementation
2024-04-14 14:36:31,459 [ERROR] LogOutputStream:75 - [STDERR_REDIRECT] SLF4J: See http://www.slf4j.org/codes.html#StaticLoggerBinder for further details.
